NNP VBZ DT NN .
NNP VBD DT NN IN DT NN .
VBG TO NNP VBZ RB .
VB JJ NN .
WP VBZ NNP NN .
WP VBZ NNP VBP PRP VBP .
WRB VBZ NNP VBP DT NN .
VBP PRP VBG NNP VBP TO VB .
CD NNS VBP IN DT JJ NN .
NNP MD VB VBN .
NNP MD VB VBG IN NNP .
PRP VBZ NNP NNPS WP VBZ VBN .
DT NNP VBZ CC NNP VBZ .
CC NNP NNP CC NNP MD VB IN PRP .
DT JJ NNS VBD VBN IN DT JJ NN .
NNP MD VB VBN VBD IN DT NN .
NNP NNP TO VB CC NN IN PRP$ NN .
PRP VBZ RB IN PRP VBP PRP MD VB .
VBP RB VBN .
NNP MD VB VBN VBG IN CD NNS .
NNP , NNP NNP , VBZ DT JJ NN .
NNP VBZ NNP , DT JJ NN .
NNP CC JJ NNS RB .
PRP VBZ WP PRP VBP VBG IN DT NN .
NNP VBD IN DT RB VB VBD .
DT NN NN TO DT NN WDT VBD PRP$ NN .
WRB DT NN NNS , JJ NNS .
