[INFO]	On 10-fold of CV with 	data/imdb/
(neg,all) :714
(neg,steve) :56
(neg,surgical) :1
(neg,go) :328
(neg,certainly) :120
(neg,to) :898
(neg,watchmen) :0
(neg,song) :33
(neg,very) :394
(neg,simpsons) :1
(neg,novel) :72
(neg,jack) :65
(neg,surgeon) :3
(neg,level) :98
(neg,did) :256
(neg,turns) :136
(neg,michael) :127
(neg,flashy) :16
(neg,it'll) :13
(neg,sooty) :0
(neg,direct) :24
(neg,past) :112
(neg,street) :52
(neg,design) :27
(neg,befriends) :8
(neg,odd) :46
(neg,even) :602
(neg,new) :324
(neg,supporting) :94
(neg,never) :370
(neg,here) :351
(neg,quell) :1
(neg,les) :4
(neg,102) :2
(neg,strong) :64
(neg,great) :263
(neg,kids) :85
(neg,30) :26
(neg,creepy) :30
(neg,nervous) :6
(neg,rafael) :2
(neg,named) :120
(neg,winner) :15
(neg,love) :263
(neg,black-and-white) :1
(neg,brought) :51
(neg,ians) :0
(neg,from) :757
(neg,would) :523
(neg,indians) :5
(neg,chooses) :16
(neg,music) :117
(neg,films) :338
(neg,until) :142
(neg,more) :648
(neg,comparison) :23
(neg,oscar) :41
(neg,holm) :3
(neg,me) :371
(neg,arthouse) :1
(neg,keeping) :30
(neg,graphic) :26
(neg,word) :84
(neg,this) :856
(neg,london) :14
(neg,can) :547
(neg,crazy) :31
(neg,london's) :1
(neg,coltrane) :1
(neg,carrot) :3
(neg,sense) :169
(neg,needs) :89
(neg,end) :328
(neg,acts) :30
(neg,copious) :4
(neg,how) :420
(neg,worry) :15
(neg,pales) :2
(neg,after) :474
(neg,screenwriters) :36
(neg,tries) :166
(neg,mad) :38
(neg,1888) :0
(neg,such) :343
(neg,filthy) :1
(neg,bleak) :16
(neg,a) :896
(neg,attempt) :133
(neg,so) :676
(neg,cloaking) :0
(neg,that's) :269
(neg,imagining) :3
(neg,holds) :24
(neg,don't) :379
(neg,unfortunates) :0
(neg,over) :387
(neg,course) :228
(neg,through) :375
(neg,ghastly) :3
(neg,hell) :83
(neg,its) :461
(neg,before) :318
(neg,apes) :8
(neg,police) :80
(neg,interesting) :223
(neg,,) :898
(neg,actually) :279
(neg,better) :337
(neg,production) :90
(neg,hidden) :22
(neg,might) :230
(neg,good) :513
(neg,killer) :66
(neg,victorian-era) :0
(neg,they) :662
(neg,half) :142
(neg,not) :746
(neg,now) :305
(neg,viewers) :53
(neg,robbie) :4
(neg,stiff) :12
(neg,isn't) :298
(neg,flashbacks) :18
(neg,series) :157
(neg,crimes) :10
(neg,society) :34
(neg,books) :20
(neg,really) :386
(neg,jackson) :26
(neg,opened) :13
(neg,bad) :458
(neg,content) :26
(neg,acting) :251
(neg,print) :8
(neg,surprise) :75
(neg,she) :390
(neg,turning) :32
(neg,theory) :17
(neg,geared) :6
(neg,completely) :173
(neg,language) :34
(neg,created) :55
(neg,could) :418
(neg,days) :106
(neg,british) :37
(neg,times) :179
(neg,thing) :274
(neg,place) :192
(neg,guttenberg) :1
(neg,footnotes) :1
(neg,onto) :52
(neg,think) :284
(neg,first) :443
(neg,copper) :1
(neg,features) :76
(neg,one) :773
(neg,another) :359
(neg,comic) :108
(neg,researched) :0
(neg,little) :419
(neg,") :700
(neg,top) :109
(neg,accent) :49
(neg,anyone) :183
(neg,their) :583
(neg,2) :109
(neg,stomach) :13
(neg,godley) :0
(neg,that) :877
(neg,albert) :8
(neg,alan) :28
(neg,blindly) :2
(neg,gruesome) :11
(neg,than) :582
(neg,rables) :0
(neg,hell's) :2
(neg,roles) :104
(neg,bother) :33
(neg,scenes) :344
(neg,childs') :0
(neg,r) :49
(neg,toward) :28
(neg,and) :899
(neg,slay) :0
(neg,say) :259
(neg,prophetic) :2
(neg,have) :778
(neg,allen) :22
(neg,saw) :109
(neg,superman) :8
(neg,thoroughly) :31
(neg,-) :189
(neg,mid) :5
(neg,ably) :2
(neg,performance) :221
(neg,mis) :0
(neg,electric) :5
(neg,dalmatians) :6
(neg,though) :275
(neg,who) :770
(neg,violence/gore) :1
(neg,mouth) :36
(neg,gould's) :0
(neg,plenty) :40
(neg,nothing) :326
(neg,pages) :9
(neg,surprising) :28
(neg,frederick) :3
(neg,typically) :7
(neg,saying) :79
(neg,ending) :105
(neg,deftly) :0
(neg,find) :253
(neg,() :858
(neg,finalized) :0
(neg,enough) :318
(neg,crime) :52
(neg,starters) :4
(neg,surroundings) :3
(neg,do) :501
(neg,get) :506
(neg,watch) :205
(neg,nearly) :105
(neg,words) :79
(neg,him) :468
(neg,ghetto) :6
(neg,yglesias) :0
(neg,whitechapel) :0
(neg,whether) :70
(neg,investigate) :27
(neg,briefed) :0
(neg,source) :18
(neg,abberline) :0
(neg,won't) :98
(neg,where) :408
(neg,looks) :208
(neg,set) :188
(neg,dreariness) :1
(neg,prague) :0
(neg,deming) :0
(neg,see) :400
(neg,are) :800
(neg,locals) :5
(neg,subject) :49
(neg,00) :4
(neg,manson) :4
(neg,horribly) :28
(neg,behind) :118
(neg,there's) :307
(neg,finger) :14
(neg,vertical) :0
(neg,however) :268
(neg,killing) :56
(neg,blame) :50
(neg,job) :150
(neg,joe) :44
(neg,marilyn) :6
(neg,both) :219
(neg,drug) :33
(neg,geniuses) :2
(neg,whole) :185
(neg,can't) :245
(neg,riddle) :0
(neg,point) :255
(neg,reasons) :45
(neg,seems) :315
(neg,hollow) :23
(neg,twin) :17
(neg,capable) :28
(neg,it's) :599
(neg,been) :506
(neg,particulars) :1
(neg,secret) :63
(neg,much) :508
(neg,mary) :34
(neg,500) :3
(neg,dismiss) :5
(neg,precision) :3
(neg,finished) :20
(neg,stonecutters) :0
(neg,case) :145
(neg,hughes) :13
(neg,east) :11
(neg,look) :297
(neg,solid) :43
(neg,appearance) :52
(neg,hayes) :3
(neg,will) :462
(neg,sexuality) :11
(neg,depp) :11
(neg,spawn) :8
(neg,almost) :252
(neg,is) :898
(neg,it) :866
(neg,ii) :32
(neg,in) :896
(neg,inspector) :9
(neg,superheroes) :3
(neg,if) :649
(neg,funny) :240
(neg,absinthe) :1
(neg,)) :859
(neg,make) :462
(neg,unfortunate) :25
(neg,peaks) :6
(neg,upon) :99
(neg,helped) :23
(neg,cinematographer) :20
(neg,identity) :34
(neg,whores) :1
(neg,i) :716
(neg,adapted) :15
(neg,well) :414
(neg,kelly) :24
(neg,the) :899
(neg,captures) :4
(neg,ludicrous) :34
(neg,sleepy) :8
(neg,arriving) :3
(neg,violent) :48
(neg,casper) :9
(neg,campbell) :18
(neg,blow) :26
(neg,had) :422
(neg,color) :19
(neg,book) :93
(neg,crack) :18
(neg,has) :699
(neg,casting) :44
(neg,big) :285
(neg,handling) :12
(neg,dark) :79
(neg,dreamy) :2
(neg,world) :196
(neg,unique) :29
(neg,dreams) :34
(neg,like) :674
(neg,success) :70
(neg,remind) :16
(neg,martin) :42
(neg,because) :414
(neg,jews) :3
(neg,crowd) :29
(neg,back) :303
(neg,12-part) :0
(neg,eddie) :28
(neg,peter) :84
(neg,committing) :3
(neg,for) :863
(neg,comments) :27
(neg,shakespeare) :7
(neg,?) :609
(neg,unsuccessfully) :2
(neg,be) :810
(neg,car/who) :0
(neg,ripper) :0
(neg,by) :790
(neg,on) :843
(neg,about) :667
(neg,opium) :0
(neg,anything) :234
(neg,getting) :157
(neg,of) :898
(neg,violence) :90
(neg,or) :632
(neg,block) :14
(neg,into) :582
(neg,profession) :9
(neg,widower) :4
(neg,carving) :3
(neg,burton) :12
(neg,.) :900
(neg,log) :1
(neg,her) :476
(neg,question) :111
(neg,long) :261
(neg,'80s) :9
(neg,:) :575
(neg,was) :691
(neg,medium) :5
(neg,batman) :46
(neg,but) :853
(neg,mysterious) :45
(neg,with) :869
(neg,he) :719
(neg,they're) :157
(neg,made) :336
(neg,consist) :3
(neg,wasn't) :136
(neg,stumbling) :5
(neg,up) :645
(neg,planet) :61
(neg,limit) :3
(neg,called) :149
(neg,irish) :8
(neg,moore) :25
(neg,johnny) :25
(neg,cringed) :2
(neg,an) :793
(neg,as) :852
(neg,at) :782
(neg,psychopath) :6
(neg,graham) :8
(neg,proceeds) :12
(neg,film) :754
(neg,heather) :11
(neg,englishman) :1
(neg,no) :582
(neg,amounts) :21
(neg,when) :661
(neg,tim) :45
(neg,other) :468
(neg,you) :648
(neg,star) :179
(neg,brothers) :51
(neg,whistling) :0
(neg,includes) :48
(neg,terry) :12
(neg,ghost) :10
(neg,calls) :49
(neg,directors) :33
(neg,time) :538
(neg,richardson) :5
(neg,menace) :16
(neg,starting) :26
(neg,original) :191
(pos,all) :713
(pos,steve) :48
(pos,surgical) :0
(pos,go) :330
(pos,certainly) :140
(pos,to) :899
(pos,watchmen) :0
(pos,song) :54
(pos,very) :474
(pos,simpsons) :3
(pos,novel) :86
(pos,jack) :64
(pos,surgeon) :4
(pos,level) :89
(pos,did) :219
(pos,turns) :168
(pos,michael) :119
(pos,flashy) :15
(pos,it'll) :7
(pos,sooty) :0
(pos,direct) :33
(pos,past) :140
(pos,street) :36
(pos,design) :42
(pos,befriends) :10
(pos,odd) :41
(pos,even) :562
(pos,new) :370
(pos,supporting) :128
(pos,never) :397
(pos,here) :313
(pos,quell) :1
(pos,les) :7
(pos,102) :1
(pos,strong) :131
(pos,great) :360
(pos,kids) :96
(pos,30) :22
(pos,creepy) :36
(pos,nervous) :21
(pos,rafael) :2
(pos,named) :137
(pos,winner) :36
(pos,love) :318
(pos,black-and-white) :5
(pos,brought) :74
(pos,ians) :0
(pos,from) :770
(pos,would) :492
(pos,indians) :3
(pos,chooses) :17
(pos,music) :149
(pos,films) :400
(pos,until) :198
(pos,more) :674
(pos,comparison) :34
(pos,oscar) :96
(pos,holm) :9
(pos,me) :319
(pos,arthouse) :1
(pos,keeping) :41
(pos,graphic) :43
(pos,word) :82
(pos,this) :849
(pos,london) :26
(pos,can) :533
(pos,crazy) :32
(pos,london's) :2
(pos,coltrane) :1
(pos,carrot) :3
(pos,sense) :198
(pos,needs) :81
(pos,end) :339
(pos,acts) :25
(pos,copious) :1
(pos,how) :391
(pos,worry) :16
(pos,pales) :2
(pos,after) :477
(pos,screenwriters) :23
(pos,tries) :114
(pos,mad) :21
(pos,1888) :1
(pos,such) :369
(pos,filthy) :1
(pos,bleak) :25
(pos,a) :900
(pos,attempt) :74
(pos,so) :645
(pos,cloaking) :0
(pos,that's) :222
(pos,imagining) :1
(pos,holds) :42
(pos,don't) :325
(pos,unfortunates) :1
(pos,over) :387
(pos,course) :212
(pos,through) :364
(pos,ghastly) :4
(pos,hell) :75
(pos,its) :514
(pos,before) :337
(pos,apes) :6
(pos,police) :77
(pos,interesting) :197
(pos,,) :900
(pos,actually) :237
(pos,better) :280
(pos,production) :119
(pos,hidden) :38
(pos,might) :204
(pos,good) :517
(pos,killer) :65
(pos,victorian-era) :0
(pos,they) :643
(pos,half) :118
(pos,not) :759
(pos,now) :304
(pos,viewers) :78
(pos,robbie) :9
(pos,stiff) :8
(pos,isn't) :255
(pos,flashbacks) :29
(pos,series) :131
(pos,crimes) :14
(pos,society) :69
(pos,books) :36
(pos,really) :393
(pos,jackson) :27
(pos,opened) :22
(pos,bad) :227
(pos,content) :32
(pos,acting) :227
(pos,print) :8
(pos,surprise) :90
(pos,she) :410
(pos,turning) :35
(pos,theory) :11
(pos,geared) :5
(pos,completely) :151
(pos,language) :58
(pos,created) :83
(pos,could) :373
(pos,days) :114
(pos,british) :55
(pos,times) :225
(pos,thing) :241
(pos,place) :234
(pos,guttenberg) :0
(pos,footnotes) :0
(pos,onto) :53
(pos,think) :250
(pos,first) :484
(pos,copper) :2
(pos,features) :83
(pos,one) :795
(pos,another) :355
(pos,comic) :128
(pos,researched) :0
(pos,little) :409
(pos,") :687
(pos,top) :117
(pos,accent) :29
(pos,anyone) :144
(pos,their) :604
(pos,2) :89
(pos,stomach) :8
(pos,godley) :0
(pos,that) :884
(pos,albert) :18
(pos,alan) :30
(pos,blindly) :2
(pos,gruesome) :10
(pos,than) :569
(pos,rables) :1
(pos,hell's) :1
(pos,roles) :120
(pos,bother) :8
(pos,scenes) :348
(pos,childs') :0
(pos,r) :51
(pos,toward) :44
(pos,and) :899
(pos,slay) :1
(pos,say) :263
(pos,prophetic) :2
(pos,have) :695
(pos,allen) :33
(pos,saw) :86
(pos,superman) :2
(pos,thoroughly) :29
(pos,-) :229
(pos,mid) :5
(pos,ably) :7
(pos,performance) :318
(pos,mis) :1
(pos,electric) :6
(pos,dalmatians) :0
(pos,though) :304
(pos,who) :790
(pos,violence/gore) :1
(pos,mouth) :37
(pos,gould's) :2
(pos,plenty) :56
(pos,nothing) :210
(pos,pages) :8
(pos,surprising) :55
(pos,frederick) :2
(pos,typically) :14
(pos,saying) :65
(pos,ending) :153
(pos,deftly) :4
(pos,find) :276
(pos,() :853
(pos,finalized) :1
(pos,enough) :280
(pos,crime) :62
(pos,starters) :2
(pos,surroundings) :11
(pos,do) :445
(pos,get) :467
(pos,watch) :222
(pos,nearly) :126
(pos,words) :91
(pos,him) :541
(pos,ghetto) :4
(pos,yglesias) :1
(pos,whitechapel) :0
(pos,whether) :105
(pos,investigate) :14
(pos,briefed) :0
(pos,source) :35
(pos,abberline) :0
(pos,won't) :110
(pos,where) :419
(pos,looks) :120
(pos,set) :225
(pos,dreariness) :0
(pos,prague) :0
(pos,deming) :0
(pos,see) :465
(pos,are) :807
(pos,locals) :5
(pos,subject) :75
(pos,00) :1
(pos,manson) :1
(pos,horribly) :10
(pos,behind) :153
(pos,there's) :241
(pos,finger) :4
(pos,vertical) :3
(pos,however) :313
(pos,killing) :41
(pos,blame) :20
(pos,job) :218
(pos,joe) :56
(pos,marilyn) :4
(pos,both) :343
(pos,drug) :41
(pos,geniuses) :3
(pos,whole) :164
(pos,can't) :196
(pos,riddle) :0
(pos,point) :193
(pos,reasons) :62
(pos,seems) :315
(pos,hollow) :8
(pos,twin) :10
(pos,capable) :27
(pos,it's) :549
(pos,been) :475
(pos,particulars) :2
(pos,secret) :68
(pos,much) :519
(pos,mary) :36
(pos,500) :3
(pos,dismiss) :6
(pos,precision) :5
(pos,finished) :12
(pos,stonecutters) :0
(pos,case) :135
(pos,hughes) :8
(pos,east) :11
(pos,look) :254
(pos,solid) :99
(pos,appearance) :50
(pos,hayes) :1
(pos,will) :507
(pos,sexuality) :17
(pos,depp) :7
(pos,spawn) :6
(pos,almost) :279
(pos,is) :897
(pos,it) :876
(pos,ii) :46
(pos,in) :898
(pos,inspector) :13
(pos,superheroes) :4
(pos,if) :571
(pos,funny) :220
(pos,absinthe) :0
(pos,)) :853
(pos,make) :447
(pos,unfortunate) :34
(pos,peaks) :3
(pos,upon) :128
(pos,helped) :29
(pos,cinematographer) :38
(pos,identity) :31
(pos,whores) :0
(pos,i) :664
(pos,adapted) :24
(pos,well) :479
(pos,kelly) :19
(pos,the) :900
(pos,captures) :27
(pos,ludicrous) :2
(pos,sleepy) :6
(pos,arriving) :12
(pos,violent) :56
(pos,casper) :6
(pos,campbell) :20
(pos,blow) :16
(pos,had) :390
(pos,color) :48
(pos,book) :97
(pos,crack) :11
(pos,has) :743
(pos,casting) :52
(pos,big) :262
(pos,handling) :7
(pos,dark) :109
(pos,dreamy) :5
(pos,world) :309
(pos,unique) :63
(pos,dreams) :48
(pos,like) :631
(pos,success) :96
(pos,remind) :8
(pos,martin) :58
(pos,because) :410
(pos,jews) :12
(pos,crowd) :30
(pos,back) :333
(pos,12-part) :0
(pos,eddie) :34
(pos,peter) :87
(pos,committing) :7
(pos,for) :872
(pos,comments) :20
(pos,shakespeare) :16
(pos,?) :495
(pos,unsuccessfully) :3
(pos,be) :790
(pos,car/who) :0
(pos,ripper) :1
(pos,by) :807
(pos,on) :837
(pos,about) :648
(pos,opium) :0
(pos,anything) :215
(pos,getting) :152
(pos,of) :900
(pos,violence) :105
(pos,or) :609
(pos,block) :15
(pos,into) :595
(pos,profession) :16
(pos,widower) :1
(pos,carving) :1
(pos,burton) :15
(pos,.) :900
(pos,log) :2
(pos,her) :522
(pos,question) :108
(pos,long) :264
(pos,'80s) :5
(pos,:) :547
(pos,was) :660
(pos,medium) :12
(pos,batman) :18
(pos,but) :851
(pos,mysterious) :57
(pos,with) :876
(pos,he) :743
(pos,they're) :108
(pos,made) :322
(pos,consist) :5
(pos,wasn't) :90
(pos,stumbling) :8
(pos,up) :633
(pos,planet) :45
(pos,limit) :4
(pos,called) :114
(pos,irish) :14
(pos,moore) :22
(pos,johnny) :15
(pos,cringed) :0
(pos,an) :815
(pos,as) :872
(pos,at) :763
(pos,psychopath) :3
(pos,graham) :15
(pos,proceeds) :9
(pos,film) :796
(pos,heather) :12
(pos,englishman) :1
(pos,no) :486
(pos,amounts) :7
(pos,when) :641
(pos,tim) :41
(pos,other) :524
(pos,you) :622
(pos,star) :171
(pos,brothers) :53
(pos,whistling) :0
(pos,includes) :45
(pos,terry) :19
(pos,ghost) :15
(pos,calls) :36
(pos,directors) :42
(pos,time) :561
(pos,richardson) :11
(pos,menace) :26
(pos,starting) :22
(pos,original) :190
